<?xml version="1.0" encoding="UTF-8"?>
<!-- Generated by org.testng.reporters.JUnitXMLReporter -->
<testsuite hostname="GGN000139416003" name="Default test" tests="5" failures="0" timestamp="9 May 2016 11:56:58 GMT" time="31.239" errors="0">
  <testcase name="weight" time="1.683" classname="log4jsample.log4j"/>
  <testcase name="height" time="2.467" classname="log4jsample.log4j"/>
  <testcase name="calculate" time="0.633" classname="log4jsample.log4j"/>
  <testcase name="gettingUnits" time="1.509" classname="log4jsample.log4j"/>
  <testcase name="screenshot" time="0.705" classname="log4jsample.log4j"/>
</testsuite> <!-- Default test -->
